<?xml version='1.1' encoding='UTF-8'?>
<result plugin="junit@1217.v4297208a_a_b_ce">
  <suites>
    <suite>
      <file>/var/jenkins_home/workspace/pipeline-docker-maven/java-app/target/surefire-reports/TEST-com.mycompany.app.AppTest.xml</file>
      <name>com.mycompany.app.AppTest</name>
      <duration>0.002</duration>
      <properties/>
      <time>0.002</time>
      <nodeId>23</nodeId>
      <enclosingBlocks>
        <string>21</string>
      </enclosingBlocks>
      <enclosingBlockNames>
        <string>Test</string>
      </enclosingBlockNames>
      <cases>
        <case>
          <duration>0.001</duration>
          <className>com.mycompany.app.AppTest</className>
          <testName>com.mycompany.app.AppTest.testAppMessage</testName>
          <skipped>false</skipped>
          <properties/>
          <failedSince>0</failedSince>
        </case>
        <case>
          <duration>0.001</duration>
          <className>com.mycompany.app.AppTest</className>
          <testName>com.mycompany.app.AppTest.testAppConstructor</testName>
          <skipped>false</skipped>
          <properties/>
          <failedSince>0</failedSince>
        </case>
      </cases>
    </suite>
  </suites>
  <duration>0.002</duration>
  <skipOldReports>false</skipOldReports>
  <keepLongStdio>false</keepLongStdio>
  <keepProperties>false</keepProperties>
</result>